<?xml version="1.0" encoding="UTF-8"?>
<testsuite name="CRUD All Test"
           tests="2"
           failures="0"
           errors="0"
           skipped="0"
           time="2.612">
    <properties></properties>



            <testcase
                name="getRequestNegative"
                time="1.314"
                classname="com.thetestingacademy.ex_22062024.CRUD.GET.NonBDDStyle.Lab271">
            </testcase>
            <testcase
                name="getRequestPositive"
                time="1.298"
                classname="com.thetestingacademy.ex_22062024.CRUD.GET.NonBDDStyle.Lab271">
            </testcase>
</testsuite>
