<?xml version="1.0" encoding="UTF-8"?>
<testsuite name="ATB6xRestAssuredLearning"
           tests="2"
           failures="0"
           errors="0"
           skipped="0"
           time="0.076">
    <properties></properties>



            <testcase
                name="method1"
                time="0.003"
                classname="com.thetestingacademy.ex_25602024.Lab281">
            </testcase>
            <testcase
                name="serverStartedOk"
                time="0.073"
                classname="com.thetestingacademy.ex_25602024.Lab281">
            </testcase>
</testsuite>
