<?xml version="1.0" encoding="UTF-8"?>
<testsuite name="CRUD All Test"
           tests="2"
           failures="0"
           errors="0"
           skipped="0"
           time="0.820">
    <properties></properties>



            <testcase
                name="getRequestBDDStyle2"
                time="0.356"
                classname="com.thetestingacademy.ex_22062024.CRUD.GET.BDDStyle.Lab269">
            </testcase>
            <testcase
                name="getRequestBDDStyle1"
                time="0.464"
                classname="com.thetestingacademy.ex_22062024.CRUD.GET.BDDStyle.Lab269">
            </testcase>
</testsuite>
